# JRE version: OpenJDK Runtime Environment Microsoft-11926163 (17.0.16+8) (build 17.0.16+8-LTS)
# Java VM: OpenJDK 64-Bit Server VM Microsoft-11926163 (17.0.16+8-LTS, mixed mode, sharing, tiered, compressed oops, compressed class ptrs, g1 gc, windows-amd64)
GC Precious Log:
 CPUs: 8 total, 8 available
 Memory: 16155M
 Large Page Support: Disabled
 NUMA Support: Disabled
 Compressed Oops: Enabled (Zero based)
 Heap Region Size: 2M
 Heap Min Capacity: 8M
 Heap Initial Capacity: 254M
 Heap Max Capacity: 4040M
 Pre-touch: Disabled
 Parallel Workers: 8
 Concurrent Workers: 2
 Concurrent Refinement Workers: 8
 Periodic GC: Disabled
Heap:
 garbage-first heap   total 92160K, used 41138K [0x0000000703800000, 0x0000000800000000)
  region size 2048K, 1 young (2048K), 1 survivors (2048K)
 Metaspace       used 41119K, committed 41600K, reserved 1114112K
  class space    used 5190K, committed 5440K, reserved 1048576K
GC Heap History (19 events):
Event: 0.892 GC heap before
{Heap before GC invocations=0 (full 0):
 garbage-first heap   total 260096K, used 20480K [0x0000000703800000, 0x0000000800000000)
  region size 2048K, 11 young (22528K), 0 survivors (0K)
 Metaspace       used 4978K, committed 5184K, reserved 1114112K
  class space    used 522K, committed 640K, reserved 1048576K
}
Event: 0.898 GC heap after
{Heap after GC invocations=1 (full 0):
 garbage-first heap   total 260096K, used 10725K [0x0000000703800000, 0x0000000800000000)
  region size 2048K, 2 young (4096K), 2 survivors (4096K)
 Metaspace       used 4978K, committed 5184K, reserved 1114112K
  class space    used 522K, committed 640K, reserved 1048576K
}
Event: 1.110 GC heap before
{Heap before GC invocations=1 (full 0):
 garbage-first heap   total 260096K, used 25061K [0x0000000703800000, 0x0000000800000000)
  region size 2048K, 10 young (20480K), 2 survivors (4096K)
 Metaspace       used 7637K, committed 7872K, reserved 1114112K
  class space    used 823K, committed 960K, reserved 1048576K
}
Event: 1.117 GC heap after
{Heap after GC invocations=2 (full 0):
 garbage-first heap   total 260096K, used 18299K [0x0000000703800000, 0x0000000800000000)
  region size 2048K, 2 young (4096K), 2 survivors (4096K)
 Metaspace       used 7637K, committed 7872K, reserved 1114112K
  class space    used 823K, committed 960K, reserved 1048576K
}
Event: 1.850 GC heap before
{Heap before GC invocations=2 (full 0):
 garbage-first heap   total 260096K, used 49019K [0x0000000703800000, 0x0000000800000000)
  region size 2048K, 18 young (36864K), 2 survivors (4096K)
 Metaspace       used 12563K, committed 12864K, reserved 1114112K
  class space    used 1466K, committed 1600K, reserved 1048576K
}
Event: 1.854 GC heap after
{Heap after GC invocations=3 (full 0):
 garbage-first heap   total 260096K, used 18511K [0x0000000703800000, 0x0000000800000000)
  region size 2048K, 2 young (4096K), 2 survivors (4096K)
 Metaspace       used 12563K, committed 12864K, reserved 1114112K
  class space    used 1466K, committed 1600K, reserved 1048576K
}
Event: 3.215 GC heap before
{Heap before GC invocations=3 (full 0):
 garbage-first heap   total 260096K, used 59471K [0x0000000703800000, 0x0000000800000000)
  region size 2048K, 23 young (47104K), 2 survivors (4096K)
 Metaspace       used 21206K, committed 21504K, reserved 1114112K
  class space    used 2724K, committed 2880K, reserved 1048576K
}
Event: 3.221 GC heap after
{Heap after GC invocations=4 (full 0):
 garbage-first heap   total 260096K, used 20916K [0x0000000703800000, 0x0000000800000000)
  region size 2048K, 3 young (6144K), 3 survivors (6144K)
 Metaspace       used 21206K, committed 21504K, reserved 1114112K
  class space    used 2724K, committed 2880K, reserved 1048576K
}
Event: 4.774 GC heap before
{Heap before GC invocations=5 (full 0):
 garbage-first heap   total 81920K, used 80308K [0x0000000703800000, 0x0000000800000000)
  region size 2048K, 32 young (65536K), 3 survivors (6144K)
 Metaspace       used 28904K, committed 29312K, reserved 1114112K
  class space    used 3607K, committed 3776K, reserved 1048576K
}
Event: 4.781 GC heap after
{Heap after GC invocations=6 (full 0):
 garbage-first heap   total 92160K, used 26123K [0x0000000703800000, 0x0000000800000000)
  region size 2048K, 5 young (10240K), 5 survivors (10240K)
 Metaspace       used 28904K, committed 29312K, reserved 1114112K
  class space    used 3607K, committed 3776K, reserved 1048576K
}
Event: 5.986 GC heap before
{Heap before GC invocations=6 (full 0):
 garbage-first heap   total 92160K, used 60939K [0x0000000703800000, 0x0000000800000000)
  region size 2048K, 22 young (45056K), 5 survivors (10240K)
 Metaspace       used 32280K, committed 32704K, reserved 1114112K
  class space    used 4031K, committed 4224K, reserved 1048576K
}
Event: 5.994 GC heap after
{Heap after GC invocations=7 (full 0):
 garbage-first heap   total 92160K, used 28121K [0x0000000703800000, 0x0000000800000000)
  region size 2048K, 2 young (4096K), 2 survivors (4096K)
 Metaspace       used 32280K, committed 32704K, reserved 1114112K
  class space    used 4031K, committed 4224K, reserved 1048576K
}
Event: 7.200 GC heap before
{Heap before GC invocations=7 (full 0):
 garbage-first heap   total 92160K, used 62937K [0x0000000703800000, 0x0000000800000000)
  region size 2048K, 19 young (38912K), 2 survivors (4096K)
 Metaspace       used 35547K, committed 35968K, reserved 1114112K
  class space    used 4435K, committed 4608K, reserved 1048576K
}
Event: 7.215 GC heap after
{Heap after GC invocations=8 (full 0):
 garbage-first heap   total 92160K, used 29477K [0x0000000703800000, 0x0000000800000000)
  region size 2048K, 3 young (6144K), 3 survivors (6144K)
 Metaspace       used 35547K, committed 35968K, reserved 1114112K
  class space    used 4435K, committed 4608K, reserved 1048576K
}
Event: 7.331 GC heap before
{Heap before GC invocations=8 (full 0):
 garbage-first heap   total 92160K, used 31525K [0x0000000703800000, 0x0000000800000000)
  region size 2048K, 5 young (10240K), 3 survivors (6144K)
 Metaspace       used 35732K, committed 36160K, reserved 1114112K
  class space    used 4452K, committed 4672K, reserved 1048576K
}
Event: 7.348 GC heap after
{Heap after GC invocations=9 (full 0):
 garbage-first heap   total 92160K, used 29678K [0x0000000703800000, 0x0000000800000000)
  region size 2048K, 2 young (4096K), 2 survivors (4096K)
 Metaspace       used 35732K, committed 36160K, reserved 1114112K
  class space    used 4452K, committed 4672K, reserved 1048576K
}
Event: 8.463 GC heap before
{Heap before GC invocations=10 (full 0):
 garbage-first heap   total 92160K, used 64494K [0x0000000703800000, 0x0000000800000000)
  region size 2048K, 20 young (40960K), 2 survivors (4096K)
 Metaspace       used 39432K, committed 39872K, reserved 1114112K
  class space    used 4971K, committed 5184K, reserved 1048576K
}
Event: 8.474 GC heap after
{Heap after GC invocations=11 (full 0):
 garbage-first heap   total 92160K, used 40089K [0x0000000703800000, 0x0000000800000000)
  region size 2048K, 3 young (6144K), 3 survivors (6144K)
 Metaspace       used 39432K, committed 39872K, reserved 1114112K
  class space    used 4971K, committed 5184K, reserved 1048576K
}
Event: 9.128 GC heap before
{Heap before GC invocations=11 (full 0):
 garbage-first heap   total 92160K, used 62617K [0x0000000703800000, 0x0000000800000000)
  region size 2048K, 15 young (30720K), 3 survivors (6144K)
 Metaspace       used 41119K, committed 41600K, reserved 1114112K
  class space    used 5190K, committed 5440K, reserved 1048576K
}

