# JRE version: OpenJDK Runtime Environment Microsoft-11926163 (17.0.16+8) (build 17.0.16+8-LTS)
# Java VM: OpenJDK 64-Bit Server VM Microsoft-11926163 (17.0.16+8-LTS, mixed mode, sharing, tiered, compressed oops, compressed class ptrs, g1 gc, windows-amd64)
GC Precious Log:
 CPUs: 8 total, 8 available
 Memory: 16155M
 Large Page Support: Disabled
 NUMA Support: Disabled
 Compressed Oops: Enabled (Zero based)
 Heap Region Size: 2M
 Heap Min Capacity: 8M
 Heap Initial Capacity: 254M
 Heap Max Capacity: 4040M
 Pre-touch: Disabled
 Parallel Workers: 8
 Concurrent Workers: 2
 Concurrent Refinement Workers: 8
 Periodic GC: Disabled
Heap:
 garbage-first heap   total 69632K, used 39119K [0x0000000703800000, 0x0000000800000000)
  region size 2048K, 4 young (8192K), 1 survivors (2048K)
 Metaspace       used 77379K, committed 78080K, reserved 1179648K
  class space    used 10602K, committed 10944K, reserved 1048576K
GC Heap History (20 events):
Event: 5.332 GC heap before
{Heap before GC invocations=13 (full 0):
 garbage-first heap   total 69632K, used 44277K [0x0000000703800000, 0x0000000800000000)
  region size 2048K, 12 young (24576K), 2 survivors (4096K)
 Metaspace       used 59644K, committed 60160K, reserved 1114112K
  class space    used 8173K, committed 8448K, reserved 1048576K
}
Event: 5.334 GC heap after
{Heap after GC invocations=14 (full 0):
 garbage-first heap   total 69632K, used 26856K [0x0000000703800000, 0x0000000800000000)
  region size 2048K, 2 young (4096K), 2 survivors (4096K)
 Metaspace       used 59644K, committed 60160K, reserved 1114112K
  class space    used 8173K, committed 8448K, reserved 1048576K
}
Event: 5.777 GC heap before
{Heap before GC invocations=15 (full 0):
 garbage-first heap   total 69632K, used 51432K [0x0000000703800000, 0x0000000800000000)
  region size 2048K, 15 young (30720K), 2 survivors (4096K)
 Metaspace       used 65033K, committed 65600K, reserved 1114112K
  class space    used 9006K, committed 9280K, reserved 1048576K
}
Event: 5.780 GC heap after
{Heap after GC invocations=16 (full 0):
 garbage-first heap   total 69632K, used 28632K [0x0000000703800000, 0x0000000800000000)
  region size 2048K, 2 young (4096K), 2 survivors (4096K)
 Metaspace       used 65033K, committed 65600K, reserved 1114112K
  class space    used 9006K, committed 9280K, reserved 1048576K
}
Event: 6.253 GC heap before
{Heap before GC invocations=17 (full 0):
 garbage-first heap   total 69632K, used 53208K [0x0000000703800000, 0x0000000800000000)
  region size 2048K, 14 young (28672K), 2 survivors (4096K)
 Metaspace       used 68701K, committed 69312K, reserved 1114112K
  class space    used 9497K, committed 9792K, reserved 1048576K
}
Event: 6.257 GC heap after
{Heap after GC invocations=18 (full 0):
 garbage-first heap   total 69632K, used 31317K [0x0000000703800000, 0x0000000800000000)
  region size 2048K, 2 young (4096K), 2 survivors (4096K)
 Metaspace       used 68701K, committed 69312K, reserved 1114112K
  class space    used 9497K, committed 9792K, reserved 1048576K
}
Event: 35.500 GC heap before
{Heap before GC invocations=18 (full 0):
 garbage-first heap   total 69632K, used 53845K [0x0000000703800000, 0x0000000800000000)
  region size 2048K, 13 young (26624K), 2 survivors (4096K)
 Metaspace       used 72598K, committed 73280K, reserved 1114112K
  class space    used 9995K, committed 10304K, reserved 1048576K
}
Event: 35.504 GC heap after
{Heap after GC invocations=19 (full 0):
 garbage-first heap   total 69632K, used 33142K [0x0000000703800000, 0x0000000800000000)
  region size 2048K, 1 young (2048K), 1 survivors (2048K)
 Metaspace       used 72598K, committed 73280K, reserved 1114112K
  class space    used 9995K, committed 10304K, reserved 1048576K
}
Event: 139.374 GC heap before
{Heap before GC invocations=19 (full 0):
 garbage-first heap   total 69632K, used 51574K [0x0000000703800000, 0x0000000800000000)
  region size 2048K, 11 young (22528K), 1 survivors (2048K)
 Metaspace       used 75042K, committed 75712K, reserved 1114112K
  class space    used 10305K, committed 10624K, reserved 1048576K
}
Event: 139.378 GC heap after
{Heap after GC invocations=20 (full 0):
 garbage-first heap   total 69632K, used 34562K [0x0000000703800000, 0x0000000800000000)
  region size 2048K, 2 young (4096K), 2 survivors (4096K)
 Metaspace       used 75042K, committed 75712K, reserved 1114112K
  class space    used 10305K, committed 10624K, reserved 1048576K
}
Event: 322.345 GC heap before
{Heap before GC invocations=21 (full 0):
 garbage-first heap   total 69632K, used 52994K [0x0000000703800000, 0x0000000800000000)
  region size 2048K, 11 young (22528K), 2 survivors (4096K)
 Metaspace       used 77113K, committed 77760K, reserved 1179648K
  class space    used 10577K, committed 10880K, reserved 1048576K
}
Event: 322.348 GC heap after
{Heap after GC invocations=22 (full 0):
 garbage-first heap   total 69632K, used 35112K [0x0000000703800000, 0x0000000800000000)
  region size 2048K, 2 young (4096K), 2 survivors (4096K)
 Metaspace       used 77113K, committed 77760K, reserved 1179648K
  class space    used 10577K, committed 10880K, reserved 1048576K
}
Event: 612.376 GC heap before
{Heap before GC invocations=22 (full 0):
 garbage-first heap   total 69632K, used 53544K [0x0000000703800000, 0x0000000800000000)
  region size 2048K, 11 young (22528K), 2 survivors (4096K)
 Metaspace       used 77133K, committed 77824K, reserved 1179648K
  class space    used 10577K, committed 10880K, reserved 1048576K
}
Event: 612.378 GC heap after
{Heap after GC invocations=23 (full 0):
 garbage-first heap   total 69632K, used 35094K [0x0000000703800000, 0x0000000800000000)
  region size 2048K, 2 young (4096K), 2 survivors (4096K)
 Metaspace       used 77133K, committed 77824K, reserved 1179648K
  class space    used 10577K, committed 10880K, reserved 1048576K
}
Event: 908.450 GC heap before
{Heap before GC invocations=24 (full 0):
 garbage-first heap   total 69632K, used 53526K [0x0000000703800000, 0x0000000800000000)
  region size 2048K, 11 young (22528K), 2 survivors (4096K)
 Metaspace       used 77137K, committed 77824K, reserved 1179648K
  class space    used 10577K, committed 10880K, reserved 1048576K
}
Event: 908.457 GC heap after
{Heap after GC invocations=25 (full 0):
 garbage-first heap   total 69632K, used 35043K [0x0000000703800000, 0x0000000800000000)
  region size 2048K, 1 young (2048K), 1 survivors (2048K)
 Metaspace       used 77137K, committed 77824K, reserved 1179648K
  class space    used 10577K, committed 10880K, reserved 1048576K
}
Event: 1219.883 GC heap before
{Heap before GC invocations=25 (full 0):
 garbage-first heap   total 69632K, used 55523K [0x0000000703800000, 0x0000000800000000)
  region size 2048K, 11 young (22528K), 1 survivors (2048K)
 Metaspace       used 77232K, committed 77888K, reserved 1179648K
  class space    used 10587K, committed 10880K, reserved 1048576K
}
Event: 1219.889 GC heap after
{Heap after GC invocations=26 (full 0):
 garbage-first heap   total 69632K, used 35043K [0x0000000703800000, 0x0000000800000000)
  region size 2048K, 1 young (2048K), 1 survivors (2048K)
 Metaspace       used 77232K, committed 77888K, reserved 1179648K
  class space    used 10587K, committed 10880K, reserved 1048576K
}
Event: 1679.891 GC heap before
{Heap before GC invocations=27 (full 0):
 garbage-first heap   total 69632K, used 55523K [0x0000000703800000, 0x0000000800000000)
  region size 2048K, 11 young (22528K), 1 survivors (2048K)
 Metaspace       used 77331K, committed 78080K, reserved 1179648K
  class space    used 10593K, committed 10944K, reserved 1048576K
}
Event: 1679.893 GC heap after
{Heap after GC invocations=28 (full 0):
 garbage-first heap   total 69632K, used 35023K [0x0000000703800000, 0x0000000800000000)
  region size 2048K, 1 young (2048K), 1 survivors (2048K)
 Metaspace       used 77331K, committed 78080K, reserved 1179648K
  class space    used 10593K, committed 10944K, reserved 1048576K
}

