# JRE version: OpenJDK Runtime Environment Microsoft-11926163 (17.0.16+8) (build 17.0.16+8-LTS)
# Java VM: OpenJDK 64-Bit Server VM Microsoft-11926163 (17.0.16+8-LTS, mixed mode, sharing, tiered, compressed oops, compressed class ptrs, g1 gc, windows-amd64)
GC Precious Log:
 CPUs: 8 total, 8 available
 Memory: 16155M
 Large Page Support: Disabled
 NUMA Support: Disabled
 Compressed Oops: Enabled (Zero based)
 Heap Region Size: 2M
 Heap Min Capacity: 8M
 Heap Initial Capacity: 254M
 Heap Max Capacity: 4040M
 Pre-touch: Disabled
 Parallel Workers: 8
 Concurrent Workers: 2
 Concurrent Refinement Workers: 8
 Periodic GC: Disabled
Heap:
 garbage-first heap   total 122880K, used 88355K [0x0000000703800000, 0x0000000800000000)
  region size 2048K, 15 young (30720K), 2 survivors (4096K)
 Metaspace       used 93284K, committed 93952K, reserved 1179648K
  class space    used 12971K, committed 13248K, reserved 1048576K
GC Heap History (20 events):
Event: 16.516 GC heap before
{Heap before GC invocations=20 (full 0):
 garbage-first heap   total 102400K, used 81205K [0x0000000703800000, 0x0000000800000000)
  region size 2048K, 19 young (38912K), 2 survivors (4096K)
 Metaspace       used 82593K, committed 83264K, reserved 1179648K
  class space    used 11469K, committed 11776K, reserved 1048576K
}
Event: 16.522 GC heap after
{Heap after GC invocations=21 (full 0):
 garbage-first heap   total 102400K, used 51175K [0x0000000703800000, 0x0000000800000000)
  region size 2048K, 3 young (6144K), 3 survivors (6144K)
 Metaspace       used 82593K, committed 83264K, reserved 1179648K
  class space    used 11469K, committed 11776K, reserved 1048576K
}
Event: 17.358 GC heap before
{Heap before GC invocations=22 (full 0):
 garbage-first heap   total 102400K, used 81895K [0x0000000703800000, 0x0000000800000000)
  region size 2048K, 18 young (36864K), 3 survivors (6144K)
 Metaspace       used 86254K, committed 86848K, reserved 1179648K
  class space    used 12011K, committed 12288K, reserved 1048576K
}
Event: 17.365 GC heap after
{Heap after GC invocations=23 (full 0):
 garbage-first heap   total 102400K, used 53240K [0x0000000703800000, 0x0000000800000000)
  region size 2048K, 3 young (6144K), 3 survivors (6144K)
 Metaspace       used 86254K, committed 86848K, reserved 1179648K
  class space    used 12011K, committed 12288K, reserved 1048576K
}
Event: 17.819 GC heap before
{Heap before GC invocations=23 (full 0):
 garbage-first heap   total 102400K, used 81912K [0x0000000703800000, 0x0000000800000000)
  region size 2048K, 17 young (34816K), 3 survivors (6144K)
 Metaspace       used 86940K, committed 87552K, reserved 1179648K
  class space    used 12082K, committed 12352K, reserved 1048576K
}
Event: 17.827 GC heap after
{Heap after GC invocations=24 (full 0):
 garbage-first heap   total 102400K, used 54350K [0x0000000703800000, 0x0000000800000000)
  region size 2048K, 2 young (4096K), 2 survivors (4096K)
 Metaspace       used 86940K, committed 87552K, reserved 1179648K
  class space    used 12082K, committed 12352K, reserved 1048576K
}
Event: 18.349 GC heap before
{Heap before GC invocations=25 (full 0):
 garbage-first heap   total 102400K, used 85070K [0x0000000703800000, 0x0000000800000000)
  region size 2048K, 17 young (34816K), 2 survivors (4096K)
 Metaspace       used 87693K, committed 88320K, reserved 1179648K
  class space    used 12190K, committed 12480K, reserved 1048576K
}
Event: 18.353 GC heap after
{Heap after GC invocations=26 (full 0):
 garbage-first heap   total 102400K, used 56229K [0x0000000703800000, 0x0000000800000000)
  region size 2048K, 2 young (4096K), 2 survivors (4096K)
 Metaspace       used 87693K, committed 88320K, reserved 1179648K
  class space    used 12190K, committed 12480K, reserved 1048576K
}
Event: 18.681 GC heap before
{Heap before GC invocations=26 (full 0):
 garbage-first heap   total 102400K, used 84901K [0x0000000703800000, 0x0000000800000000)
  region size 2048K, 16 young (32768K), 2 survivors (4096K)
 Metaspace       used 88581K, committed 89216K, reserved 1179648K
  class space    used 12304K, committed 12608K, reserved 1048576K
}
Event: 18.686 GC heap after
{Heap after GC invocations=27 (full 0):
 garbage-first heap   total 102400K, used 57512K [0x0000000703800000, 0x0000000800000000)
  region size 2048K, 2 young (4096K), 2 survivors (4096K)
 Metaspace       used 88581K, committed 89216K, reserved 1179648K
  class space    used 12304K, committed 12608K, reserved 1048576K
}
Event: 19.063 GC heap before
{Heap before GC invocations=28 (full 0):
 garbage-first heap   total 106496K, used 82088K [0x0000000703800000, 0x0000000800000000)
  region size 2048K, 14 young (28672K), 2 survivors (4096K)
 Metaspace       used 90143K, committed 90752K, reserved 1179648K
  class space    used 12503K, committed 12800K, reserved 1048576K
}
Event: 19.068 GC heap after
{Heap after GC invocations=29 (full 0):
 garbage-first heap   total 106496K, used 58390K [0x0000000703800000, 0x0000000800000000)
  region size 2048K, 2 young (4096K), 2 survivors (4096K)
 Metaspace       used 90143K, committed 90752K, reserved 1179648K
  class space    used 12503K, committed 12800K, reserved 1048576K
}
Event: 19.418 GC heap before
{Heap before GC invocations=29 (full 0):
 garbage-first heap   total 106496K, used 85014K [0x0000000703800000, 0x0000000800000000)
  region size 2048K, 15 young (30720K), 2 survivors (4096K)
 Metaspace       used 90773K, committed 91392K, reserved 1179648K
  class space    used 12595K, committed 12864K, reserved 1048576K
}
Event: 19.423 GC heap after
{Heap after GC invocations=30 (full 0):
 garbage-first heap   total 106496K, used 59408K [0x0000000703800000, 0x0000000800000000)
  region size 2048K, 1 young (2048K), 1 survivors (2048K)
 Metaspace       used 90773K, committed 91392K, reserved 1179648K
  class space    used 12595K, committed 12864K, reserved 1048576K
}
Event: 19.696 GC heap before
{Heap before GC invocations=31 (full 0):
 garbage-first heap   total 116736K, used 88080K [0x0000000703800000, 0x0000000800000000)
  region size 2048K, 15 young (30720K), 1 survivors (2048K)
 Metaspace       used 91363K, committed 91968K, reserved 1179648K
  class space    used 12664K, committed 12928K, reserved 1048576K
}
Event: 19.700 GC heap after
{Heap after GC invocations=32 (full 0):
 garbage-first heap   total 116736K, used 60369K [0x0000000703800000, 0x0000000800000000)
  region size 2048K, 2 young (4096K), 2 survivors (4096K)
 Metaspace       used 91363K, committed 91968K, reserved 1179648K
  class space    used 12664K, committed 12928K, reserved 1048576K
}
Event: 20.021 GC heap before
{Heap before GC invocations=32 (full 0):
 garbage-first heap   total 116736K, used 95185K [0x0000000703800000, 0x0000000800000000)
  region size 2048K, 19 young (38912K), 2 survivors (4096K)
 Metaspace       used 92246K, committed 92864K, reserved 1179648K
  class space    used 12796K, committed 13056K, reserved 1048576K
}
Event: 20.026 GC heap after
{Heap after GC invocations=33 (full 0):
 garbage-first heap   total 116736K, used 62468K [0x0000000703800000, 0x0000000800000000)
  region size 2048K, 3 young (6144K), 3 survivors (6144K)
 Metaspace       used 92246K, committed 92864K, reserved 1179648K
  class space    used 12796K, committed 13056K, reserved 1048576K
}
Event: 20.326 GC heap before
{Heap before GC invocations=34 (full 0):
 garbage-first heap   total 122880K, used 95236K [0x0000000703800000, 0x0000000800000000)
  region size 2048K, 19 young (38912K), 3 survivors (6144K)
 Metaspace       used 92977K, committed 93632K, reserved 1179648K
  class space    used 12927K, committed 13248K, reserved 1048576K
}
Event: 20.332 GC heap after
{Heap after GC invocations=35 (full 0):
 garbage-first heap   total 122880K, used 63779K [0x0000000703800000, 0x0000000800000000)
  region size 2048K, 2 young (4096K), 2 survivors (4096K)
 Metaspace       used 92977K, committed 93632K, reserved 1179648K
  class space    used 12927K, committed 13248K, reserved 1048576K
}

